 - OK
Packaging...
+ cc kern/init.c
+ ld obj/kern/kernel
WARNING: Image format was not specified for 'json:{"fat-type": 0, "dir": "LoaderPkg/ESP", "driver": "vvfat", "floppy": false, "rw": true, "write-target": {"driver": "qcow", "file": {"driver": "file", "filename": "/var/tmp/vl.NL76G2"}}}' and probing guessed raw.
         Automatically detecting the format is dangerous for raw images, write operations on block 0 will be restricted.
         Specify the 'raw' format explicitly to remove the restrictions.
WARNING: Image format was not specified for 'obj/fs/fs.img' and probing guessed raw.
         Automatically detecting the format is dangerous for raw images, write operations on block 0 will be restricted.
         Specify the 'raw' format explicitly to remove the restrictions.
[2J[01;01H[=3h[2J[01;01H[2J[01;01H[=3h[2J[01;01H[2J[01;01H[=3h[2J[01;01HBdsDxe: failed to load Boot0001 "UEFI QEMU NVMe Ctrl deadbeef 1" from PciRoot(0x0)/Pci(0x3,0x0)/NVMe(0x1,00-00-00-00-00-00-00-00): Not Found
BdsDxe: loading Boot0002 "UEFI QEMU HARDDISK QM00001 " from PciRoot(0x0)/Pci(0x1F,0x2)/Sata(0x0,0xFFFF,0x0)
BdsDxe: starting Boot0002 "UEFI QEMU HARDDISK QM00001 " from PciRoot(0x0)/Pci(0x1F,0x2)/Sata(0x0,0xFFFF,0x0)
JOS: Loading at 2024-1-8 - 10:3:36...
JOS: Found ACPI 1.0 RSDP table 1FB7E000
JOS: Found ACPI 2.0 RSDP table 1FB7E014
JOS: CR0 - 80010033 CR3 - 1FC01000
JOS: Loading kernel image...
JOS: Loading debug tables...
JOS: MinAddress: 0x2000000, MaxAddress: 0x3006000, Kernel size: 0x1006000
JOS: Loaded kernel with 2000000 entry point
JOS: LoaderParams pointer: 1F95D098
JOS: KernelCallGate: 1E2301A4
6828 decimal is 15254 octal!
END: 0x8043006000
Memory allocator is initialized
Physical memory: 506M available, base = 640K, extended = 517860K
Physical memory tree is correct
Physical memory tree is still correct
Kernel virtual memory tree is correct
enabled interrupts: 1 2 4
Initialized timer rtc
Initialized timer pm
Initialized timer hpet0
Initialized timer hpet1
Framebuffer initialised
enabled interrupts: 0 1 2 4
FS is running
NVMe enabled
FS can do I/O
block cache is good
superblock is good
bitmap is good
alloc_block is good
checking consistency of newmotd
checking consistency of motd
checking consistency of lorem
checking consistency of script
checking consistency of testshell.key
checking consistency of testshell.sh
checking consistency of init
checking consistency of cat
checking consistency of echo
checking consistency of ls
checking consistency of lsfd
checking consistency of num
checking consistency of forktree
checking consistency of primes
checking consistency of primespipe
checking consistency of sh
checking consistency of testfdsharing
checking consistency of testkbd
checking consistency of testpipe
checking consistency of testpteshare
checking consistency of testshell
checking consistency of hello
checking consistency of date
checking consistency of vdate
checking consistency of signal_test
checking consistency of waiting_test
checking consistency of testfifo
checking consistency of mkfifo
checking consistency of process_fifo
checking consistency of sigpipe_test
checking consistency of sigkill_test
fs consistency is good
file_open is good
file_get_block is good
file_flush is good
file_truncate is good
file rewrite is good
testing fifo...
fifo creation is successful
fifo repeated creation is successful
1th fifo opening 2nd fifo opening getting fifo stat 
writing into fifo is successful
reading from fifo is successful
1th fifo closing is successful
2nd fifo closing is successful
End of writing with code 39
Read from fifo 8 bytes: d1: my_f
Read from fifo 8 bytes: ifo 1
Th
Read from fifo 8 bytes: is is a 
Read from fifo 8 bytes: message 
Read from fifo 8 bytes: for test
Read from fifo 8 bytes: ing FIFO
Read from fifo 8 bytes:  fileThi
Read from fifo 8 bytes: s is a m
Read from fifo 8 bytes: essage f
Read from fifo 8 bytes: or testi
Read from fifo 8 bytes: ng FIFO 
Read from fifo 4 bytes: file
End of reading with code 0
Halt
No runnable environments in the system!
Welcome to the JOS kernel monitor!
Type 'help' for a list of commands.
K> qemu-system-x86_64: terminating on signal 15 from pid 28176 (make)
